[14635] - Gracefully shutting down workers...
** [NewRelic][2017-09-30 22:36:15 +0000 ffn-appserver1-centos-512mb-nyc1-01 (14681)] INFO : Starting Agent shutdown
[14635] === puma shutdown: 2017-09-30 22:36:15 +0000 ===
[14635] - Goodbye!
Exiting
** [NewRelic][2017-09-30 22:36:15 +0000 ffn-appserver1-centos-512mb-nyc1-01 (14635)] INFO : Starting Agent shutdown
=== puma startup: 2017-09-30 22:38:13 +0000 ===
[15022] * Starting control server on unix:///tmp/puma-status-1506811093362-15022
[15022] - Worker 0 (pid: 15069) booted, phase: 0
[15022] - Gracefully shutting down workers...
** [NewRelic][2017-09-30 22:49:58 +0000 ffn-appserver1-centos-512mb-nyc1-01 (15069)] INFO : Starting Agent shutdown
[15022] === puma shutdown: 2017-09-30 22:49:58 +0000 ===
[15022] - Goodbye!
Exiting
** [NewRelic][2017-09-30 22:49:58 +0000 ffn-appserver1-centos-512mb-nyc1-01 (15022)] INFO : Starting Agent shutdown
=== puma startup: 2017-09-30 22:50:56 +0000 ===
[15209] * Starting control server on unix:///tmp/puma-status-1506811856308-15209
[15209] - Worker 0 (pid: 15257) booted, phase: 0
** [NewRelic][2017-09-30 22:51:01 +0000 ffn-appserver1-centos-512mb-nyc1-01 (15257)] WARN : Ignoring addition of NewRelic::Agent::Samplers::CpuSampler because it is already registered.
** [NewRelic][2017-09-30 22:51:01 +0000 ffn-appserver1-centos-512mb-nyc1-01 (15257)] WARN : Ignoring addition of NewRelic::Agent::Samplers::MemorySampler because it is already registered.
** [NewRelic][2017-09-30 22:51:01 +0000 ffn-appserver1-centos-512mb-nyc1-01 (15257)] WARN : Ignoring addition of NewRelic::Agent::Samplers::VMSampler because it is already registered.
** [NewRelic][2017-09-30 22:51:02 +0000 ffn-appserver1-centos-512mb-nyc1-01 (15257)] INFO : Reporting to: https://rpm.newrelic.com/accounts/775947/applications/3975179
[15209] - Gracefully shutting down workers...
** [NewRelic][2017-09-30 22:55:06 +0000 ffn-appserver1-centos-512mb-nyc1-01 (15257)] INFO : Starting Agent shutdown
[15209] === puma shutdown: 2017-09-30 22:55:06 +0000 ===
[15209] - Goodbye!
Exiting
** [NewRelic][2017-09-30 22:55:06 +0000 ffn-appserver1-centos-512mb-nyc1-01 (15209)] INFO : Starting Agent shutdown
=== puma startup: 2017-09-30 22:57:02 +0000 ===
[15434] * Starting control server on unix:///tmp/puma-status-1506812222490-15434
[15434] - Worker 0 (pid: 15480) booted, phase: 0
** [NewRelic][2017-09-30 22:57:27 +0000 ffn-appserver1-centos-512mb-nyc1-01 (15480)] WARN : Ignoring addition of NewRelic::Agent::Samplers::CpuSampler because it is already registered.
** [NewRelic][2017-09-30 22:57:27 +0000 ffn-appserver1-centos-512mb-nyc1-01 (15480)] WARN : Ignoring addition of NewRelic::Agent::Samplers::MemorySampler because it is already registered.
** [NewRelic][2017-09-30 22:57:27 +0000 ffn-appserver1-centos-512mb-nyc1-01 (15480)] WARN : Ignoring addition of NewRelic::Agent::Samplers::VMSampler because it is already registered.
** [NewRelic][2017-09-30 22:57:27 +0000 ffn-appserver1-centos-512mb-nyc1-01 (15480)] INFO : Reporting to: https://rpm.newrelic.com/accounts/775947/applications/3975179
[15434] - Gracefully shutting down workers...
** [NewRelic][2017-09-30 23:08:38 +0000 ffn-appserver1-centos-512mb-nyc1-01 (15480)] INFO : Starting Agent shutdown
[15434] === puma shutdown: 2017-09-30 23:08:39 +0000 ===
[15434] - Goodbye!
Exiting
** [NewRelic][2017-09-30 23:08:39 +0000 ffn-appserver1-centos-512mb-nyc1-01 (15434)] INFO : Starting Agent shutdown
=== puma startup: 2017-09-30 23:08:58 +0000 ===
[15896] * Starting control server on unix:///tmp/puma-status-1506812938487-15896
[15896] - Worker 0 (pid: 15942) booted, phase: 0
** [NewRelic][2017-09-30 23:08:58 +0000 ffn-appserver1-centos-512mb-nyc1-01 (15942)] WARN : Ignoring addition of NewRelic::Agent::Samplers::CpuSampler because it is already registered.
** [NewRelic][2017-09-30 23:08:58 +0000 ffn-appserver1-centos-512mb-nyc1-01 (15942)] WARN : Ignoring addition of NewRelic::Agent::Samplers::MemorySampler because it is already registered.
** [NewRelic][2017-09-30 23:08:58 +0000 ffn-appserver1-centos-512mb-nyc1-01 (15942)] WARN : Ignoring addition of NewRelic::Agent::Samplers::VMSampler because it is already registered.
** [NewRelic][2017-09-30 23:08:59 +0000 ffn-appserver1-centos-512mb-nyc1-01 (15942)] INFO : Reporting to: https://rpm.newrelic.com/accounts/775947/applications/3975179
[15896] - Gracefully shutting down workers...
** [NewRelic][2017-09-30 23:11:51 +0000 ffn-appserver1-centos-512mb-nyc1-01 (15942)] INFO : Starting Agent shutdown
[15896] === puma shutdown: 2017-09-30 23:11:51 +0000 ===
[15896] - Goodbye!
Exiting
** [NewRelic][2017-09-30 23:11:51 +0000 ffn-appserver1-centos-512mb-nyc1-01 (15896)] INFO : Starting Agent shutdown
=== puma startup: 2017-09-30 23:12:03 +0000 ===
[16144] * Starting control server on unix:///tmp/puma-status-1506813123475-16144
[16144] - Worker 0 (pid: 16190) booted, phase: 0
** [NewRelic][2017-09-30 23:12:09 +0000 ffn-appserver1-centos-512mb-nyc1-01 (16190)] WARN : Ignoring addition of NewRelic::Agent::Samplers::CpuSampler because it is already registered.
** [NewRelic][2017-09-30 23:12:09 +0000 ffn-appserver1-centos-512mb-nyc1-01 (16190)] WARN : Ignoring addition of NewRelic::Agent::Samplers::MemorySampler because it is already registered.
** [NewRelic][2017-09-30 23:12:09 +0000 ffn-appserver1-centos-512mb-nyc1-01 (16190)] WARN : Ignoring addition of NewRelic::Agent::Samplers::VMSampler because it is already registered.
** [NewRelic][2017-09-30 23:12:09 +0000 ffn-appserver1-centos-512mb-nyc1-01 (16190)] INFO : Reporting to: https://rpm.newrelic.com/accounts/775947/applications/3975179
[16144] - Gracefully shutting down workers...
** [NewRelic][2017-09-30 23:21:43 +0000 ffn-appserver1-centos-512mb-nyc1-01 (16190)] INFO : Starting Agent shutdown
[16144] === puma shutdown: 2017-09-30 23:21:43 +0000 ===
[16144] - Goodbye!
Exiting
** [NewRelic][2017-09-30 23:21:43 +0000 ffn-appserver1-centos-512mb-nyc1-01 (16144)] INFO : Starting Agent shutdown
=== puma startup: 2017-09-30 23:22:28 +0000 ===
[16384] * Starting control server on unix:///tmp/puma-status-1506813748015-16384
[16384] - Worker 0 (pid: 16430) booted, phase: 0
** [NewRelic][2017-09-30 23:22:54 +0000 ffn-appserver1-centos-512mb-nyc1-01 (16430)] WARN : Ignoring addition of NewRelic::Agent::Samplers::CpuSampler because it is already registered.
** [NewRelic][2017-09-30 23:22:54 +0000 ffn-appserver1-centos-512mb-nyc1-01 (16430)] WARN : Ignoring addition of NewRelic::Agent::Samplers::MemorySampler because it is already registered.
** [NewRelic][2017-09-30 23:22:54 +0000 ffn-appserver1-centos-512mb-nyc1-01 (16430)] WARN : Ignoring addition of NewRelic::Agent::Samplers::VMSampler because it is already registered.
** [NewRelic][2017-09-30 23:22:55 +0000 ffn-appserver1-centos-512mb-nyc1-01 (16430)] INFO : Reporting to: https://rpm.newrelic.com/accounts/775947/applications/3975179
[16384] - Gracefully shutting down workers...
** [NewRelic][2017-09-30 23:26:22 +0000 ffn-appserver1-centos-512mb-nyc1-01 (16430)] INFO : Starting Agent shutdown
[16384] === puma shutdown: 2017-09-30 23:26:22 +0000 ===
[16384] - Goodbye!
Exiting
** [NewRelic][2017-09-30 23:26:22 +0000 ffn-appserver1-centos-512mb-nyc1-01 (16384)] INFO : Starting Agent shutdown
=== puma startup: 2017-09-30 23:29:28 +0000 ===
[16508] * Starting control server on unix:///tmp/puma-status-1506814168715-16508
[16508] - Worker 0 (pid: 16554) booted, phase: 0
** [NewRelic][2017-09-30 23:29:33 +0000 ffn-appserver1-centos-512mb-nyc1-01 (16554)] WARN : Ignoring addition of NewRelic::Agent::Samplers::CpuSampler because it is already registered.
** [NewRelic][2017-09-30 23:29:33 +0000 ffn-appserver1-centos-512mb-nyc1-01 (16554)] WARN : Ignoring addition of NewRelic::Agent::Samplers::MemorySampler because it is already registered.
** [NewRelic][2017-09-30 23:29:33 +0000 ffn-appserver1-centos-512mb-nyc1-01 (16554)] WARN : Ignoring addition of NewRelic::Agent::Samplers::VMSampler because it is already registered.
** [NewRelic][2017-09-30 23:29:33 +0000 ffn-appserver1-centos-512mb-nyc1-01 (16554)] INFO : Reporting to: https://rpm.newrelic.com/accounts/775947/applications/3975179
[16508] - Gracefully shutting down workers...
** [NewRelic][2017-10-01 01:12:51 +0000 ffn-appserver1-centos-512mb-nyc1-01 (16554)] INFO : Starting Agent shutdown
[16508] === puma shutdown: 2017-10-01 01:12:51 +0000 ===
[16508] - Goodbye!
Exiting
** [NewRelic][2017-10-01 01:12:51 +0000 ffn-appserver1-centos-512mb-nyc1-01 (16508)] INFO : Starting Agent shutdown
=== puma startup: 2017-10-01 18:04:28 +0000 ===
[2039] * Starting control server on unix:///tmp/puma-status-1506881068700-2039
[2039] - Worker 0 (pid: 2085) booted, phase: 0
** [NewRelic][2017-10-01 18:15:03 +0000 ffn-appserver1-centos-512mb-nyc1-01 (2085)] WARN : Ignoring addition of NewRelic::Agent::Samplers::CpuSampler because it is already registered.
** [NewRelic][2017-10-01 18:15:03 +0000 ffn-appserver1-centos-512mb-nyc1-01 (2085)] WARN : Ignoring addition of NewRelic::Agent::Samplers::MemorySampler because it is already registered.
** [NewRelic][2017-10-01 18:15:03 +0000 ffn-appserver1-centos-512mb-nyc1-01 (2085)] WARN : Ignoring addition of NewRelic::Agent::Samplers::VMSampler because it is already registered.
** [NewRelic][2017-10-01 18:15:03 +0000 ffn-appserver1-centos-512mb-nyc1-01 (2085)] INFO : Reporting to: https://rpm.newrelic.com/accounts/775947/applications/3975179
[2039] - Gracefully shutting down workers...
** [NewRelic][2017-10-01 19:50:42 +0000 ffn-appserver1-centos-512mb-nyc1-01 (2085)] INFO : Starting Agent shutdown
[2039] === puma shutdown: 2017-10-01 19:50:43 +0000 ===
[2039] - Goodbye!
Exiting
** [NewRelic][2017-10-01 19:50:43 +0000 ffn-appserver1-centos-512mb-nyc1-01 (2039)] INFO : Starting Agent shutdown
=== puma startup: 2017-10-01 20:02:37 +0000 ===
[2715] * Starting control server on unix:///tmp/puma-status-1506888157505-2715
[2715] - Worker 0 (pid: 2761) booted, phase: 0
** [NewRelic][2017-10-01 20:38:13 +0000 ffn-appserver1-centos-512mb-nyc1-01 (2761)] WARN : Ignoring addition of NewRelic::Agent::Samplers::CpuSampler because it is already registered.
** [NewRelic][2017-10-01 20:38:13 +0000 ffn-appserver1-centos-512mb-nyc1-01 (2761)] WARN : Ignoring addition of NewRelic::Agent::Samplers::MemorySampler because it is already registered.
** [NewRelic][2017-10-01 20:38:13 +0000 ffn-appserver1-centos-512mb-nyc1-01 (2761)] WARN : Ignoring addition of NewRelic::Agent::Samplers::VMSampler because it is already registered.
** [NewRelic][2017-10-01 20:38:13 +0000 ffn-appserver1-centos-512mb-nyc1-01 (2761)] INFO : Reporting to: https://rpm.newrelic.com/accounts/775947/applications/3975179
[2715] - Gracefully shutting down workers...
** [NewRelic][2017-10-01 20:40:29 +0000 ffn-appserver1-centos-512mb-nyc1-01 (2761)] INFO : Starting Agent shutdown
[2715] === puma shutdown: 2017-10-01 20:40:29 +0000 ===
[2715] - Goodbye!
Exiting
** [NewRelic][2017-10-01 20:40:29 +0000 ffn-appserver1-centos-512mb-nyc1-01 (2715)] INFO : Starting Agent shutdown
=== puma startup: 2017-10-01 20:59:14 +0000 ===
[3234] * Starting control server on unix:///tmp/puma-status-1506891554947-3234
[3234] - Worker 0 (pid: 3280) booted, phase: 0
[3234] - Worker 1 (pid: 3282) booted, phase: 0
** [NewRelic][2017-10-01 20:59:32 +0000 ffn-appserver1-centos-512mb-nyc1-01 (3282)] WARN : Ignoring addition of NewRelic::Agent::Samplers::CpuSampler because it is already registered.
** [NewRelic][2017-10-01 20:59:32 +0000 ffn-appserver1-centos-512mb-nyc1-01 (3282)] WARN : Ignoring addition of NewRelic::Agent::Samplers::MemorySampler because it is already registered.
** [NewRelic][2017-10-01 20:59:32 +0000 ffn-appserver1-centos-512mb-nyc1-01 (3282)] WARN : Ignoring addition of NewRelic::Agent::Samplers::VMSampler because it is already registered.
** [NewRelic][2017-10-01 20:59:33 +0000 ffn-appserver1-centos-512mb-nyc1-01 (3282)] INFO : Reporting to: https://rpm.newrelic.com/accounts/775947/applications/3975179
** [NewRelic][2017-10-01 21:00:23 +0000 ffn-appserver1-centos-512mb-nyc1-01 (3280)] WARN : Ignoring addition of NewRelic::Agent::Samplers::CpuSampler because it is already registered.
** [NewRelic][2017-10-01 21:00:23 +0000 ffn-appserver1-centos-512mb-nyc1-01 (3280)] WARN : Ignoring addition of NewRelic::Agent::Samplers::MemorySampler because it is already registered.
** [NewRelic][2017-10-01 21:00:23 +0000 ffn-appserver1-centos-512mb-nyc1-01 (3280)] WARN : Ignoring addition of NewRelic::Agent::Samplers::VMSampler because it is already registered.
** [NewRelic][2017-10-01 21:00:24 +0000 ffn-appserver1-centos-512mb-nyc1-01 (3280)] INFO : Reporting to: https://rpm.newrelic.com/accounts/775947/applications/3975179
[3234] - Gracefully shutting down workers...
** [NewRelic][2017-10-02 04:15:00 +0000 ffn-appserver1-centos-512mb-nyc1-01 (3280)] INFO : Starting Agent shutdown
** [NewRelic][2017-10-02 04:15:00 +0000 ffn-appserver1-centos-512mb-nyc1-01 (3282)] INFO : Starting Agent shutdown
[3234] === puma shutdown: 2017-10-02 04:15:01 +0000 ===
[3234] - Goodbye!
Exiting
** [NewRelic][2017-10-02 04:15:01 +0000 ffn-appserver1-centos-512mb-nyc1-01 (3234)] INFO : Starting Agent shutdown
=== puma startup: 2017-10-02 04:15:21 +0000 ===
[6597] * Starting control server on unix:///tmp/puma-status-1506917721652-6597
[6597] - Worker 0 (pid: 6643) booted, phase: 0
[6597] - Worker 1 (pid: 6645) booted, phase: 0
[6597] - Gracefully shutting down workers...
** [NewRelic][2017-10-02 04:42:30 +0000 ffn-appserver1-centos-512mb-nyc1-01 (6645)] INFO : Starting Agent shutdown
** [NewRelic][2017-10-02 04:42:30 +0000 ffn-appserver1-centos-512mb-nyc1-01 (6643)] INFO : Starting Agent shutdown
[6597] === puma shutdown: 2017-10-02 04:42:31 +0000 ===
[6597] - Goodbye!
Exiting
** [NewRelic][2017-10-02 04:42:31 +0000 ffn-appserver1-centos-512mb-nyc1-01 (6597)] INFO : Starting Agent shutdown
=== puma startup: 2017-10-02 04:42:53 +0000 ===
[6749] * Starting control server on unix:///tmp/puma-status-1506919373974-6749
[6749] - Worker 0 (pid: 6795) booted, phase: 0
[6749] - Worker 1 (pid: 6797) booted, phase: 0
** [NewRelic][2017-10-02 05:37:32 +0000 ffn-appserver1-centos-512mb-nyc1-01 (6797)] WARN : Ignoring addition of NewRelic::Agent::Samplers::CpuSampler because it is already registered.
** [NewRelic][2017-10-02 05:37:32 +0000 ffn-appserver1-centos-512mb-nyc1-01 (6797)] WARN : Ignoring addition of NewRelic::Agent::Samplers::MemorySampler because it is already registered.
** [NewRelic][2017-10-02 05:37:32 +0000 ffn-appserver1-centos-512mb-nyc1-01 (6797)] WARN : Ignoring addition of NewRelic::Agent::Samplers::VMSampler because it is already registered.
** [NewRelic][2017-10-02 05:37:32 +0000 ffn-appserver1-centos-512mb-nyc1-01 (6797)] INFO : Reporting to: https://rpm.newrelic.com/accounts/775947/applications/3975179
** [NewRelic][2017-10-02 05:46:37 +0000 ffn-appserver1-centos-512mb-nyc1-01 (6795)] WARN : Ignoring addition of NewRelic::Agent::Samplers::CpuSampler because it is already registered.
** [NewRelic][2017-10-02 05:46:37 +0000 ffn-appserver1-centos-512mb-nyc1-01 (6795)] WARN : Ignoring addition of NewRelic::Agent::Samplers::MemorySampler because it is already registered.
** [NewRelic][2017-10-02 05:46:37 +0000 ffn-appserver1-centos-512mb-nyc1-01 (6795)] WARN : Ignoring addition of NewRelic::Agent::Samplers::VMSampler because it is already registered.
** [NewRelic][2017-10-02 05:46:40 +0000 ffn-appserver1-centos-512mb-nyc1-01 (6795)] INFO : Reporting to: https://rpm.newrelic.com/accounts/775947/applications/3975179
=== puma startup: 2017-10-02 13:30:10 +0000 ===
=== puma startup: 2017-10-02 13:30:10 +0000 ===
=== puma startup: 2017-10-02 13:30:10 +0000 ===
=== puma startup: 2017-10-02 13:30:10 +0000 ===
=== puma startup: 2017-10-02 13:30:10 +0000 ===
[6749] - Worker 0 (pid: 2901) booted, phase: 0
** [NewRelic][2017-10-03 18:17:13 +0000 ffn-appserver1-centos-512mb-nyc1-01 (2901)] WARN : Ignoring addition of NewRelic::Agent::Samplers::CpuSampler because it is already registered.
** [NewRelic][2017-10-03 18:17:13 +0000 ffn-appserver1-centos-512mb-nyc1-01 (2901)] WARN : Ignoring addition of NewRelic::Agent::Samplers::MemorySampler because it is already registered.
** [NewRelic][2017-10-03 18:17:13 +0000 ffn-appserver1-centos-512mb-nyc1-01 (2901)] WARN : Ignoring addition of NewRelic::Agent::Samplers::VMSampler because it is already registered.
** [NewRelic][2017-10-03 18:17:19 +0000 ffn-appserver1-centos-512mb-nyc1-01 (2901)] INFO : Reporting to: https://rpm.newrelic.com/accounts/775947/applications/3975179
[6797] ! Detected parent died, dying
[2901] ! Detected parent died, dying
=== puma startup: 2017-10-05 05:53:43 +0000 ===
[24705] * Starting control server on unix:///tmp/puma-status-1507182823548-24705
[24705] - Worker 0 (pid: 24753) booted, phase: 0
** [NewRelic][2017-10-05 05:53:46 +0000 ffn-appserver1-centos-512mb-nyc1-01 (24753)] WARN : Ignoring addition of NewRelic::Agent::Samplers::CpuSampler because it is already registered.
** [NewRelic][2017-10-05 05:53:46 +0000 ffn-appserver1-centos-512mb-nyc1-01 (24753)] WARN : Ignoring addition of NewRelic::Agent::Samplers::MemorySampler because it is already registered.
** [NewRelic][2017-10-05 05:53:46 +0000 ffn-appserver1-centos-512mb-nyc1-01 (24753)] WARN : Ignoring addition of NewRelic::Agent::Samplers::VMSampler because it is already registered.
** [NewRelic][2017-10-05 05:53:46 +0000 ffn-appserver1-centos-512mb-nyc1-01 (24753)] INFO : Reporting to: https://rpm.newrelic.com/accounts/775947/applications/3975179
[24705] - Gracefully shutting down workers...
** [NewRelic][2017-10-05 06:09:27 +0000 ffn-appserver1-centos-512mb-nyc1-01 (24753)] INFO : Starting Agent shutdown
[24705] === puma shutdown: 2017-10-05 06:09:28 +0000 ===
[24705] - Goodbye!
Exiting
** [NewRelic][2017-10-05 06:09:28 +0000 ffn-appserver1-centos-512mb-nyc1-01 (24705)] INFO : Starting Agent shutdown
=== puma startup: 2017-10-05 06:24:43 +0000 ===
[25061] * Starting control server on unix:///tmp/puma-status-1507184683004-25061
[25061] - Worker 0 (pid: 25107) booted, phase: 0
[25061] - Gracefully shutting down workers...
** [NewRelic][2017-10-05 06:25:02 +0000 ffn-appserver1-centos-512mb-nyc1-01 (25107)] INFO : Starting Agent shutdown
[25061] === puma shutdown: 2017-10-05 06:25:02 +0000 ===
[25061] - Goodbye!
Exiting
** [NewRelic][2017-10-05 06:25:02 +0000 ffn-appserver1-centos-512mb-nyc1-01 (25061)] INFO : Starting Agent shutdown
=== puma startup: 2017-10-05 07:22:55 +0000 ===
[1116] * Starting control server on unix:///tmp/puma-status-1507188175810-1116
[1116] - Worker 0 (pid: 1162) booted, phase: 0
[1116] - Gracefully shutting down workers...
** [NewRelic][2017-10-05 07:28:28 +0000 ffn-appserver1-centos-512mb-nyc1-01 (1162)] INFO : Starting Agent shutdown
[1116] === puma shutdown: 2017-10-05 07:28:28 +0000 ===
[1116] - Goodbye!
Exiting
** [NewRelic][2017-10-05 07:28:28 +0000 ffn-appserver1-centos-512mb-nyc1-01 (1116)] INFO : Starting Agent shutdown
=== puma startup: 2017-10-05 07:33:36 +0000 ===
[1313] * Starting control server on unix:///tmp/puma-status-1507188816751-1313
[1313] - Worker 0 (pid: 1359) booted, phase: 0
[1313] - Gracefully shutting down workers...
** [NewRelic][2017-10-05 13:47:05 +0000 ffn-appserver1-centos-512mb-nyc1-01 (1359)] INFO : Starting Agent shutdown
[1313] === puma shutdown: 2017-10-05 13:47:05 +0000 ===
[1313] - Goodbye!
Exiting
** [NewRelic][2017-10-05 13:47:05 +0000 ffn-appserver1-centos-512mb-nyc1-01 (1313)] INFO : Starting Agent shutdown
=== puma startup: 2017-10-05 14:44:42 +0000 ===
[2840] * Starting control server on unix:///tmp/puma-status-1507214682464-2840
[2840] - Worker 0 (pid: 2886) booted, phase: 0
** [NewRelic][2017-10-05 14:44:55 +0000 ffn-appserver1-centos-512mb-nyc1-01 (2886)] WARN : Ignoring addition of NewRelic::Agent::Samplers::CpuSampler because it is already registered.
** [NewRelic][2017-10-05 14:44:55 +0000 ffn-appserver1-centos-512mb-nyc1-01 (2886)] WARN : Ignoring addition of NewRelic::Agent::Samplers::MemorySampler because it is already registered.
** [NewRelic][2017-10-05 14:44:55 +0000 ffn-appserver1-centos-512mb-nyc1-01 (2886)] WARN : Ignoring addition of NewRelic::Agent::Samplers::VMSampler because it is already registered.
** [NewRelic][2017-10-05 14:44:56 +0000 ffn-appserver1-centos-512mb-nyc1-01 (2886)] INFO : Reporting to: https://rpm.newrelic.com/accounts/775947/applications/3975179
=== puma startup: 2017-10-05 19:34:06 +0000 ===
=== puma startup: 2017-10-05 19:34:06 +0000 ===
=== puma startup: 2017-10-05 19:34:06 +0000 ===
[2886] ! Detected parent died, dying
